<?xml version="1.0" encoding="UTF-8"?>
<!-- Generated by org.testng.reporters.JUnitXMLReporter -->
<testsuite hostname="HawxegenPC" name="Default test" tests="8" failures="0" timestamp="11 Mar 2018 22:23:00 GMT" time="0.136" errors="0">
  <testcase name="SuiteOneCaseTwoTest" time="0.003" classname="com.stta.SuiteOne.SuiteOneCaseTwo"/>
  <testcase name="SuiteOneCaseTwoTest" time="0.001" classname="com.stta.SuiteOne.SuiteOneCaseTwo"/>
  <testcase name="SuiteOneCaseOneTest" time="0.001" classname="com.stta.SuiteOne.SuiteOneCaseOne"/>
  <testcase name="SuiteOneCaseOneTest" time="0.0" classname="com.stta.SuiteOne.SuiteOneCaseOne"/>
  <testcase name="SuiteTwoCaseTwoTest" time="0.001" classname="com.stta.SuiteTwo.SuiteTwoCaseTwo"/>
  <testcase name="SuiteTwoCaseTwoTest" time="0.001" classname="com.stta.SuiteTwo.SuiteTwoCaseTwo"/>
  <testcase name="SuiteTwoCaseOneTest" time="0.001" classname="com.stta.SuiteTwo.SuiteTwoCaseOne"/>
  <testcase name="SuiteTwoCaseOneTest" time="0.0" classname="com.stta.SuiteTwo.SuiteTwoCaseOne"/>
</testsuite> <!-- Default test -->
