<?xml version="1.0" encoding="UTF-8"?>
<!-- Generated by org.testng.reporters.JUnitXMLReporter -->
<testsuite hostname="HawxegenPC" name="SuiteTwoCaseOne" tests="2" failures="0" timestamp="11 Mar 2018 22:37:47 GMT" time="0.018" errors="0">
  <testcase name="@BeforeTest checkCaseToRun" time="0.0" classname="com.stta.SuiteTwo.SuiteTwoCaseOne">
    <skipped/>
  </testcase> <!-- @BeforeTest checkCaseToRun -->
  <testcase name="@AfterMethod reporterDataResults" time="0.0" classname="com.stta.SuiteTwo.SuiteTwoCaseOne">
    <skipped/>
  </testcase> <!-- @AfterMethod reporterDataResults -->
  <testcase name="@AfterMethod reporterDataResults" time="0.0" classname="com.stta.SuiteTwo.SuiteTwoCaseOne">
    <skipped/>
  </testcase> <!-- @AfterMethod reporterDataResults -->
  <testcase name="@AfterTest closeBrowser" time="0.0" classname="com.stta.SuiteTwo.SuiteTwoCaseOne">
    <skipped/>
  </testcase> <!-- @AfterTest closeBrowser -->
  <testcase name="SuiteTwoCaseOneTest" time="0.0" classname="com.stta.SuiteTwo.SuiteTwoCaseOne">
    <skipped/>
  </testcase> <!-- SuiteTwoCaseOneTest -->
  <testcase name="SuiteTwoCaseOneTest" time="0.001" classname="com.stta.SuiteTwo.SuiteTwoCaseOne">
    <skipped/>
  </testcase> <!-- SuiteTwoCaseOneTest -->
</testsuite> <!-- SuiteTwoCaseOne -->
