<?xml version="1.0" encoding="UTF-8"?>
<!-- Generated by org.testng.reporters.JUnitXMLReporter -->
<testsuite hostname="HawxegenPC" name="SuiteTwoCaseTwo" tests="2" failures="0" timestamp="11 Mar 2018 22:37:47 GMT" time="0.015" errors="0">
  <testcase name="SuiteTwoCaseTwoTest" time="0.002" classname="com.stta.SuiteTwo.SuiteTwoCaseTwo">
    <skipped/>
  </testcase> <!-- SuiteTwoCaseTwoTest -->
  <testcase name="SuiteTwoCaseTwoTest" time="0.001" classname="com.stta.SuiteTwo.SuiteTwoCaseTwo"/>
</testsuite> <!-- SuiteTwoCaseTwo -->
